0 info it worked if it ends with ok
1 verbose cli [ '/Users/whiteson/.nvm/versions/node/v5.0.0/bin/node',
1 verbose cli   '/Users/whiteson/.nvm/versions/node/v5.0.0/bin/npm',
1 verbose cli   'run',
1 verbose cli   'start' ]
2 info using npm@3.3.6
3 info using node@v5.0.0
4 verbose run-script [ 'prestart', 'start', 'poststart' ]
5 info lifecycle blank-theme@1.0.0~prestart: blank-theme@1.0.0
6 silly lifecycle blank-theme@1.0.0~prestart: no script for prestart, continuing
7 info lifecycle blank-theme@1.0.0~start: blank-theme@1.0.0
8 verbose lifecycle blank-theme@1.0.0~start: unsafe-perm in lifecycle true
9 verbose lifecycle blank-theme@1.0.0~start: PATH: /Users/whiteson/.nvm/versions/node/v5.0.0/lib/node_modules/npm/bin/node-gyp-bin:/Library/WebServer/Documents/dakoutros/wp-content/themes/webcode/node_modules/.bin:/Users/whiteson/.nvm/versions/node/v5.0.0/bin:/usr/local/bin:/usr/bin:/bin:/usr/sbin:/sbin:/usr/local/go/bin:/usr/local/share/dotnet:/opt/X11/bin:~/.dotnet/tools:/Library/Frameworks/Mono.framework/Versions/Current/Commands:/Users/whiteson/.nvm:/usr/local/mysql/bin
10 verbose lifecycle blank-theme@1.0.0~start: CWD: /Library/WebServer/Documents/dakoutros/wp-content/themes/webcode
11 silly lifecycle blank-theme@1.0.0~start: Args: [ '-c', 'gulp' ]
12 silly lifecycle blank-theme@1.0.0~start: Returned: code: 1  signal: null
13 info lifecycle blank-theme@1.0.0~start: Failed to exec start script
14 verbose stack Error: blank-theme@1.0.0 start: `gulp`
14 verbose stack Exit status 1
14 verbose stack     at EventEmitter.<anonymous> (/Users/whiteson/.nvm/versions/node/v5.0.0/lib/node_modules/npm/lib/utils/lifecycle.js:233:16)
14 verbose stack     at emitTwo (events.js:87:13)
14 verbose stack     at EventEmitter.emit (events.js:172:7)
14 verbose stack     at ChildProcess.<anonymous> (/Users/whiteson/.nvm/versions/node/v5.0.0/lib/node_modules/npm/lib/utils/spawn.js:24:14)
14 verbose stack     at emitTwo (events.js:87:13)
14 verbose stack     at ChildProcess.emit (events.js:172:7)
14 verbose stack     at maybeClose (internal/child_process.js:818:16)
14 verbose stack     at Process.ChildProcess._handle.onexit (internal/child_process.js:211:5)
15 verbose pkgid blank-theme@1.0.0
16 verbose cwd /Library/WebServer/Documents/dakoutros/wp-content/themes/webcode
17 error Darwin 19.6.0
18 error argv "/Users/whiteson/.nvm/versions/node/v5.0.0/bin/node" "/Users/whiteson/.nvm/versions/node/v5.0.0/bin/npm" "run" "start"
19 error node v5.0.0
20 error npm  v3.3.6
21 error code ELIFECYCLE
22 error blank-theme@1.0.0 start: `gulp`
22 error Exit status 1
23 error Failed at the blank-theme@1.0.0 start script 'gulp'.
23 error This is most likely a problem with the blank-theme package,
23 error not with npm itself.
23 error Tell the author that this fails on your system:
23 error     gulp
23 error You can get their info via:
23 error     npm owner ls blank-theme
23 error There is likely additional logging output above.
24 verbose exit [ 1, true ]
